<?xml version="1.0" encoding="UTF-8" ?>
<testsuite tests="11" failures="0" name="ru.sfedu.core.CoreTest" time="0.549" errors="0" skipped="0">
  <properties>
[...]
</properties>
  <testcase classname="ru.sfedu.core.CoreTest" name="testSetExperiment" time="0.001"/>
  <testcase classname="ru.sfedu.core.CoreTest" name="testGetUsers" time="0.46"/>
  <testcase classname="ru.sfedu.core.CoreTest" name="tesreg" time="0"/>
  <testcase classname="ru.sfedu.core.CoreTest" name="testGetData" time="0.002"/>
  <testcase classname="ru.sfedu.core.CoreTest" name="testGetChennalExperiment1" time="0"/>
  <testcase classname="ru.sfedu.core.CoreTest" name="testGetExperiments" time="0"/>
  <testcase classname="ru.sfedu.core.CoreTest" name="testGetChennalExperiment" time="0.001"/>
  <testcase classname="ru.sfedu.core.CoreTest" name="testGetUsers11" time="0"/>
  <testcase classname="ru.sfedu.core.CoreTest" name="testGetExperiment" time="0.001"/>
  <testcase classname="ru.sfedu.core.CoreTest" name="testLogGet" time="0.012"/>
  <testcase classname="ru.sfedu.core.CoreTest" name="testGetUsers1" time="0"/>
</testsuite>